Traceback (most recent call last):
  File "/usr/local/pyenv/versions/3.10.10/lib/python3.10/site-packages/jupyter_cache/executors/utils.py", line 51, in single_nb_execution
    executenb(
  File "/usr/local/pyenv/versions/3.10.10/lib/python3.10/site-packages/nbclient/client.py", line 1204, in execute
    return NotebookClient(nb=nb, resources=resources, km=km, **kwargs).execute()
  File "/usr/local/pyenv/versions/3.10.10/lib/python3.10/site-packages/nbclient/util.py", line 84, in wrapped
    return just_run(coro(*args, **kwargs))
  File "/usr/local/pyenv/versions/3.10.10/lib/python3.10/site-packages/nbclient/util.py", line 62, in just_run
    return loop.run_until_complete(coro)
  File "/usr/local/pyenv/versions/3.10.10/lib/python3.10/asyncio/base_events.py", line 649, in run_until_complete
    return future.result()
  File "/usr/local/pyenv/versions/3.10.10/lib/python3.10/site-packages/nbclient/client.py", line 663, in async_execute
    await self.async_execute_cell(
  File "/usr/local/pyenv/versions/3.10.10/lib/python3.10/site-packages/nbclient/client.py", line 965, in async_execute_cell
    await self._check_raise_for_error(cell, cell_index, exec_reply)
  File "/usr/local/pyenv/versions/3.10.10/lib/python3.10/site-packages/nbclient/client.py", line 862, in _check_raise_for_error
    raise CellExecutionError.from_cell_and_msg(cell, exec_reply_content)
nbclient.exceptions.CellExecutionError: An error occurred while executing the following cell:
------------------
# file identifier where the model output is saved
file_id = '_ct'

# We are using the task run_with_hydro to store hydrological outputs along with the usual glaciological outputs
tasks.run_with_hydro(gdir,
                     run_task=tasks.run_constant_climate,  # which climate? See below for other examples
                     nyears=100,  # length of the simulation
                     y0=2014, halfsize=5,  # For the constant climate, period over which the climate is taken from
                     init_model_filesuffix='_spinup_historical',  # Start from the glacier in 2020 afer spinup
                     store_monthly_hydro=True,  # Monthly ouptuts provide additional information
                     output_filesuffix=file_id);  # an identifier for the output file to read it later
------------------

[0;31m---------------------------------------------------------------------------[0m
[0;31mAttributeError[0m                            Traceback (most recent call last)
Cell [0;32mIn[10], line 5[0m
[1;32m      2[0m file_id [38;5;241m=[39m [38;5;124m'[39m[38;5;124m_ct[39m[38;5;124m'[39m
[1;32m      4[0m [38;5;66;03m# We are using the task run_with_hydro to store hydrological outputs along with the usual glaciological outputs[39;00m
[0;32m----> 5[0m [43mtasks[49m[38;5;241;43m.[39;49m[43mrun_with_hydro[49m[43m([49m[43mgdir[49m[43m,[49m
[1;32m      6[0m [43m                     [49m[43mrun_task[49m[38;5;241;43m=[39;49m[43mtasks[49m[38;5;241;43m.[39;49m[43mrun_constant_climate[49m[43m,[49m[43m  [49m[38;5;66;43;03m# which climate? See below for other examples[39;49;00m
[1;32m      7[0m [43m                     [49m[43mnyears[49m[38;5;241;43m=[39;49m[38;5;241;43m100[39;49m[43m,[49m[43m  [49m[38;5;66;43;03m# length of the simulation[39;49;00m
[1;32m      8[0m [43m                     [49m[43my0[49m[38;5;241;43m=[39;49m[38;5;241;43m2014[39;49m[43m,[49m[43m [49m[43mhalfsize[49m[38;5;241;43m=[39;49m[38;5;241;43m5[39;49m[43m,[49m[43m  [49m[38;5;66;43;03m# For the constant climate, period over which the climate is taken from[39;49;00m
[1;32m      9[0m [43m                     [49m[43minit_model_filesuffix[49m[38;5;241;43m=[39;49m[38;5;124;43m'[39;49m[38;5;124;43m_spinup_historical[39;49m[38;5;124;43m'[39;49m[43m,[49m[43m  [49m[38;5;66;43;03m# Start from the glacier in 2020 afer spinup[39;49;00m
[1;32m     10[0m [43m                     [49m[43mstore_monthly_hydro[49m[38;5;241;43m=[39;49m[38;5;28;43;01mTrue[39;49;00m[43m,[49m[43m  [49m[38;5;66;43;03m# Monthly ouptuts provide additional information[39;49;00m
[1;32m     11[0m [43m                     [49m[43moutput_filesuffix[49m[38;5;241;43m=[39;49m[43mfile_id[49m[43m)[49m;  [38;5;66;03m# an identifier for the output file to read it later[39;00m

File [0;32m/usr/local/pyenv/versions/3.10.10/lib/python3.10/site-packages/oggm/utils/_workflow.py:491[0m, in [0;36mentity_task.__call__.<locals>._entity_task[0;34m(gdir, reset, print_log, return_value, continue_on_error, add_to_log_file, **kwargs)[0m
[1;32m    489[0m     signal[38;5;241m.[39malarm(cfg[38;5;241m.[39mPARAMS[[38;5;124m'[39m[38;5;124mtask_timeout[39m[38;5;124m'[39m])
[1;32m    490[0m ex_t [38;5;241m=[39m time[38;5;241m.[39mtime()
[0;32m--> 491[0m out [38;5;241m=[39m [43mtask_func[49m[43m([49m[43mgdir[49m[43m,[49m[43m [49m[38;5;241;43m*[39;49m[38;5;241;43m*[39;49m[43mkwargs[49m[43m)[49m
[1;32m    492[0m ex_t [38;5;241m=[39m time[38;5;241m.[39mtime() [38;5;241m-[39m ex_t
[1;32m    493[0m [38;5;28;01mif[39;00m cfg[38;5;241m.[39mPARAMS[[38;5;124m'[39m[38;5;124mtask_timeout[39m[38;5;124m'[39m] [38;5;241m>[39m [38;5;241m0[39m:

File [0;32m/usr/local/pyenv/versions/3.10.10/lib/python3.10/site-packages/oggm/core/flowline.py:3386[0m, in [0;36mrun_with_hydro[0;34m(gdir, run_task, store_monthly_hydro, fixed_geometry_spinup_yr, ref_area_from_y0, ref_area_yr, ref_geometry_filesuffix, **kwargs)[0m
[1;32m   3383[0m [38;5;28;01mif[39;00m fixed_geometry_spinup_yr [38;5;129;01mis[39;00m [38;5;129;01mnot[39;00m [38;5;28;01mNone[39;00m:
[1;32m   3384[0m     kwargs[[38;5;124m'[39m[38;5;124mfixed_geometry_spinup_yr[39m[38;5;124m'[39m] [38;5;241m=[39m fixed_geometry_spinup_yr
[0;32m-> 3386[0m out [38;5;241m=[39m [43mrun_task[49m[43m([49m[43mgdir[49m[43m,[49m[43m [49m[38;5;241;43m*[39;49m[38;5;241;43m*[39;49m[43mkwargs[49m[43m)[49m
[1;32m   3388[0m [38;5;28;01mif[39;00m out [38;5;129;01mis[39;00m [38;5;28;01mNone[39;00m:
[1;32m   3389[0m     [38;5;28;01mraise[39;00m InvalidWorkflowError([38;5;124m'[39m[38;5;124mThe run task ([39m[38;5;132;01m{}[39;00m[38;5;124m) did not run [39m[38;5;124m'[39m
[1;32m   3390[0m                                [38;5;124m'[39m[38;5;124msuccessfully.[39m[38;5;124m'[39m[38;5;241m.[39mformat(run_task[38;5;241m.[39m[38;5;18m__name__[39m))

File [0;32m/usr/local/pyenv/versions/3.10.10/lib/python3.10/site-packages/oggm/utils/_workflow.py:491[0m, in [0;36mentity_task.__call__.<locals>._entity_task[0;34m(gdir, reset, print_log, return_value, continue_on_error, add_to_log_file, **kwargs)[0m
[1;32m    489[0m     signal[38;5;241m.[39malarm(cfg[38;5;241m.[39mPARAMS[[38;5;124m'[39m[38;5;124mtask_timeout[39m[38;5;124m'[39m])
[1;32m    490[0m ex_t [38;5;241m=[39m time[38;5;241m.[39mtime()
[0;32m--> 491[0m out [38;5;241m=[39m [43mtask_func[49m[43m([49m[43mgdir[49m[43m,[49m[43m [49m[38;5;241;43m*[39;49m[38;5;241;43m*[39;49m[43mkwargs[49m[43m)[49m
[1;32m    492[0m ex_t [38;5;241m=[39m time[38;5;241m.[39mtime() [38;5;241m-[39m ex_t
[1;32m    493[0m [38;5;28;01mif[39;00m cfg[38;5;241m.[39mPARAMS[[38;5;124m'[39m[38;5;124mtask_timeout[39m[38;5;124m'[39m] [38;5;241m>[39m [38;5;241m0[39m:

File [0;32m/usr/local/pyenv/versions/3.10.10/lib/python3.10/site-packages/oggm/core/flowline.py:3157[0m, in [0;36mrun_constant_climate[0;34m(gdir, nyears, y0, halfsize, bias, temperature_bias, precipitation_factor, store_monthly_step, store_model_geometry, store_fl_diagnostics, init_model_filesuffix, init_model_yr, output_filesuffix, climate_filename, climate_input_filesuffix, init_model_fls, zero_initial_glacier, use_avg_climate, **kwargs)[0m
[1;32m   3154[0m [38;5;28;01melse[39;00m:
[1;32m   3155[0m     mb_model [38;5;241m=[39m ConstantMassBalance
[0;32m-> 3157[0m mb [38;5;241m=[39m [43mMultipleFlowlineMassBalance[49m[43m([49m[43mgdir[49m[43m,[49m[43m [49m[43mmb_model_class[49m[38;5;241;43m=[39;49m[43mmb_model[49m[43m,[49m
[1;32m   3158[0m [43m                                 [49m[43my0[49m[38;5;241;43m=[39;49m[43my0[49m[43m,[49m[43m [49m[43mhalfsize[49m[38;5;241;43m=[39;49m[43mhalfsize[49m[43m,[49m
[1;32m   3159[0m [43m                                 [49m[43mbias[49m[38;5;241;43m=[39;49m[43mbias[49m[43m,[49m[43m [49m[43mfilename[49m[38;5;241;43m=[39;49m[43mclimate_filename[49m[43m,[49m
[1;32m   3160[0m [43m                                 [49m[43minput_filesuffix[49m[38;5;241;43m=[39;49m[43mclimate_input_filesuffix[49m[43m)[49m
[1;32m   3162[0m [38;5;28;01mif[39;00m temperature_bias [38;5;129;01mis[39;00m [38;5;129;01mnot[39;00m [38;5;28;01mNone[39;00m:
[1;32m   3163[0m     mb[38;5;241m.[39mtemp_bias [38;5;241m=[39m temperature_bias

File [0;32m/usr/local/pyenv/versions/3.10.10/lib/python3.10/site-packages/oggm/core/massbalance.py:1248[0m, in [0;36mMultipleFlowlineMassBalance.__init__[0;34m(self, gdir, fls, mu_star, mb_model_class, use_inversion_flowlines, input_filesuffix, bias, **kwargs)[0m
[1;32m   1244[0m         df [38;5;241m=[39m gdir[38;5;241m.[39mread_json([38;5;124m'[39m[38;5;124mlocal_mustar[39m[38;5;124m'[39m, filesuffix[38;5;241m=[39m[38;5;124m'[39m[38;5;124m_[39m[38;5;124m'[39m [38;5;241m+[39m fl[38;5;241m.[39mrgi_id)
[1;32m   1245[0m         kwargs[[38;5;124m'[39m[38;5;124my0[39m[38;5;124m'[39m] [38;5;241m=[39m df[[38;5;124m'[39m[38;5;124mt_star[39m[38;5;124m'[39m]
[1;32m   1247[0m     [38;5;28mself[39m[38;5;241m.[39mflowline_mb_models[38;5;241m.[39mappend(
[0;32m-> 1248[0m         mb_model_class(gdir, mu_star[38;5;241m=[39m[43mfl[49m[38;5;241;43m.[39;49m[43mmu_star[49m, bias[38;5;241m=[39mfl_bias,
[1;32m   1249[0m                        input_filesuffix[38;5;241m=[39mrgi_filesuffix, [38;5;241m*[39m[38;5;241m*[39mkwargs))
[1;32m   1251[0m [38;5;28mself[39m[38;5;241m.[39mvalid_bounds [38;5;241m=[39m [38;5;28mself[39m[38;5;241m.[39mflowline_mb_models[[38;5;241m-[39m[38;5;241m1[39m][38;5;241m.[39mvalid_bounds
[1;32m   1252[0m [38;5;28mself[39m[38;5;241m.[39mhemisphere [38;5;241m=[39m gdir[38;5;241m.[39mhemisphere

[0;31mAttributeError[0m: 'MixedBedFlowline' object has no attribute 'mu_star'
AttributeError: 'MixedBedFlowline' object has no attribute 'mu_star'

