Traceback (most recent call last):
  File "/usr/local/pyenv/versions/3.10.11/lib/python3.10/site-packages/jupyter_cache/executors/utils.py", line 58, in single_nb_execution
    executenb(
  File "/usr/local/pyenv/versions/3.10.11/lib/python3.10/site-packages/nbclient/client.py", line 1305, in execute
    return NotebookClient(nb=nb, resources=resources, km=km, **kwargs).execute()
  File "/usr/local/pyenv/versions/3.10.11/lib/python3.10/site-packages/jupyter_core/utils/__init__.py", line 166, in wrapped
    return loop.run_until_complete(inner)
  File "/usr/local/pyenv/versions/3.10.11/lib/python3.10/asyncio/base_events.py", line 649, in run_until_complete
    return future.result()
  File "/usr/local/pyenv/versions/3.10.11/lib/python3.10/site-packages/nbclient/client.py", line 705, in async_execute
    await self.async_execute_cell(
  File "/usr/local/pyenv/versions/3.10.11/lib/python3.10/site-packages/nbclient/client.py", line 1058, in async_execute_cell
    await self._check_raise_for_error(cell, cell_index, exec_reply)
  File "/usr/local/pyenv/versions/3.10.11/lib/python3.10/site-packages/nbclient/client.py", line 914, in _check_raise_for_error
    raise CellExecutionError.from_cell_and_msg(cell, exec_reply_content)
nbclient.exceptions.CellExecutionError: An error occurred while executing the following cell:
------------------
# One interactive plot below requires Bokeh
# The rest of the notebook works without this dependency - comment if needed
import holoviews as hv
hv.extension('bokeh')
import geoviews as gv
import geoviews.tile_sources as gts

sh = salem.transform_geopandas(gdir.read_shapefile('outlines'))
(gv.Polygons(sh).opts(fill_color=None, color_index=None) *
 gts.tile_sources['EsriImagery'] * gts.tile_sources['StamenLabels']).opts(width=800, height=500, active_tools=['pan', 'wheel_zoom'])
------------------


[0;31m---------------------------------------------------------------------------[0m
[0;31mImportError[0m                               Traceback (most recent call last)
Cell [0;32mIn[8], line 5[0m
[1;32m      3[0m [38;5;28;01mimport[39;00m [38;5;21;01mholoviews[39;00m [38;5;28;01mas[39;00m [38;5;21;01mhv[39;00m
[1;32m      4[0m hv[38;5;241m.[39mextension([38;5;124m'[39m[38;5;124mbokeh[39m[38;5;124m'[39m)
[0;32m----> 5[0m [38;5;28;01mimport[39;00m [38;5;21;01mgeoviews[39;00m [38;5;28;01mas[39;00m [38;5;21;01mgv[39;00m
[1;32m      6[0m [38;5;28;01mimport[39;00m [38;5;21;01mgeoviews[39;00m[38;5;21;01m.[39;00m[38;5;21;01mtile_sources[39;00m [38;5;28;01mas[39;00m [38;5;21;01mgts[39;00m
[1;32m      8[0m sh [38;5;241m=[39m salem[38;5;241m.[39mtransform_geopandas(gdir[38;5;241m.[39mread_shapefile([38;5;124m'[39m[38;5;124moutlines[39m[38;5;124m'[39m))

File [0;32m/usr/local/pyenv/versions/3.10.11/lib/python3.10/site-packages/geoviews/__init__.py:13[0m
[1;32m     10[0m [38;5;28;01mexcept[39;00m:
[1;32m     11[0m     [38;5;28;01mpass[39;00m
[0;32m---> 13[0m [38;5;28;01mfrom[39;00m [38;5;21;01m.[39;00m[38;5;21;01mannotators[39;00m [38;5;28;01mimport[39;00m annotate [38;5;66;03m# noqa (API import)[39;00m
[1;32m     14[0m [38;5;28;01mfrom[39;00m [38;5;21;01m.[39;00m[38;5;21;01melement[39;00m [38;5;28;01mimport[39;00m ( [38;5;66;03m# noqa (API import)[39;00m
[1;32m     15[0m     _Element, Feature, Tiles, WMTS, LineContours, FilledContours,
[1;32m     16[0m     Text, Image, Points, Path, Polygons, Shape, Dataset, RGB,
[1;32m     17[0m     Contours, Graph, TriMesh, Nodes, EdgePaths, QuadMesh, VectorField,
[1;32m     18[0m     HexTiles, Labels, Rectangles, Segments
[1;32m     19[0m )
[1;32m     20[0m [38;5;28;01mfrom[39;00m [38;5;21;01m.[39;00m[38;5;21;01mutil[39;00m [38;5;28;01mimport[39;00m load_tiff, from_xarray [38;5;66;03m# noqa (API import)[39;00m

File [0;32m/usr/local/pyenv/versions/3.10.11/lib/python3.10/site-packages/geoviews/annotators.py:14[0m
[1;32m     12[0m [38;5;28;01mfrom[39;00m [38;5;21;01m.[39;00m[38;5;21;01melement[39;00m [38;5;28;01mimport[39;00m Path
[1;32m     13[0m [38;5;28;01mfrom[39;00m [38;5;21;01m.[39;00m[38;5;21;01mmodels[39;00m[38;5;21;01m.[39;00m[38;5;21;01mcustom_tools[39;00m [38;5;28;01mimport[39;00m CheckpointTool, RestoreTool, ClearTool
[0;32m---> 14[0m [38;5;28;01mfrom[39;00m [38;5;21;01m.[39;00m[38;5;21;01mlinks[39;00m [38;5;28;01mimport[39;00m VertexTableLink, PointTableLink, HvRectanglesTableLink, RectanglesTableLink
[1;32m     15[0m [38;5;28;01mfrom[39;00m [38;5;21;01m.[39;00m[38;5;21;01moperation[39;00m [38;5;28;01mimport[39;00m project
[1;32m     16[0m [38;5;28;01mfrom[39;00m [38;5;21;01m.[39;00m[38;5;21;01mstreams[39;00m [38;5;28;01mimport[39;00m PolyVertexDraw, PolyVertexEdit

File [0;32m/usr/local/pyenv/versions/3.10.11/lib/python3.10/site-packages/geoviews/links.py:4[0m
[1;32m      1[0m [38;5;28;01mimport[39;00m [38;5;21;01mparam[39;00m
[1;32m      3[0m [38;5;28;01mfrom[39;00m [38;5;21;01mholoviews[39;00m[38;5;21;01m.[39;00m[38;5;21;01mplotting[39;00m[38;5;21;01m.[39;00m[38;5;21;01mlinks[39;00m [38;5;28;01mimport[39;00m Link, RectanglesTableLink [38;5;28;01mas[39;00m HvRectanglesTableLink
[0;32m----> 4[0m [38;5;28;01mfrom[39;00m [38;5;21;01mholoviews[39;00m[38;5;21;01m.[39;00m[38;5;21;01mplotting[39;00m[38;5;21;01m.[39;00m[38;5;21;01mbokeh[39;00m[38;5;21;01m.[39;00m[38;5;21;01mcallbacks[39;00m [38;5;28;01mimport[39;00m (
[1;32m      5[0m     LinkCallback, RectanglesTableLinkCallback [38;5;28;01mas[39;00m HvRectanglesTableLinkCallback
[1;32m      6[0m )
[1;32m      7[0m [38;5;28;01mfrom[39;00m [38;5;21;01mholoviews[39;00m[38;5;21;01m.[39;00m[38;5;21;01mcore[39;00m[38;5;21;01m.[39;00m[38;5;21;01mutil[39;00m [38;5;28;01mimport[39;00m dimension_sanitizer
[1;32m     10[0m [38;5;28;01mclass[39;00m [38;5;21;01mPointTableLink[39;00m(Link):

[0;31mImportError[0m: cannot import name 'LinkCallback' from 'holoviews.plotting.bokeh.callbacks' (/usr/local/pyenv/versions/3.10.11/lib/python3.10/site-packages/holoviews/plotting/bokeh/callbacks.py)

